[debug] [2023-02-10T05:20:46.551Z] ----------------------------------------------------------------------
[debug] [2023-02-10T05:20:46.560Z] Command:       C:\Program Files\nodejs\node.exe C:\Users\Computers\AppData\Roaming\npm\node_modules\firebase-tools\lib\bin\firebase.js init
[debug] [2023-02-10T05:20:46.563Z] CLI Version:   11.10.0
[debug] [2023-02-10T05:20:46.563Z] Platform:      win32
[debug] [2023-02-10T05:20:46.563Z] Node Version:  v16.17.0
[debug] [2023-02-10T05:20:46.691Z] Time:          Fri Feb 10 2023 10:50:46 GMT+0530 (India Standard Time)
[debug] [2023-02-10T05:20:46.692Z] ----------------------------------------------------------------------
[debug] 
[debug] [2023-02-10T05:20:46.716Z] >>> [apiv2][query] GET https://firebase-public.firebaseio.com/cli.json [none]
[debug] [2023-02-10T05:20:46.756Z] > command requires scopes: ["email","openid","https://www.googleapis.com/auth/cloudplatformprojects.readonly","https://www.googleapis.com/auth/firebase","https://www.googleapis.com/auth/cloud-platform"]
[debug] [2023-02-10T05:20:46.757Z] > authorizing via signed-in user (akhil79022@gmail.com)
[info] 
     ######## #### ########  ######## ########     ###     ######  ########
     ##        ##  ##     ## ##       ##     ##  ##   ##  ##       ##
     ######    ##  ########  ######   ########  #########  ######  ######
     ##        ##  ##    ##  ##       ##     ## ##     ##       ## ##
     ##       #### ##     ## ######## ########  ##     ##  ######  ########

You're about to initialize a Firebase project in this directory:

  C:\Users\Computers\Desktop\projects\chat-app-react

[debug] [2023-02-10T05:20:47.693Z] <<< [apiv2][status] GET https://firebase-public.firebaseio.com/cli.json 200
[debug] [2023-02-10T05:20:47.694Z] <<< [apiv2][body] GET https://firebase-public.firebaseio.com/cli.json {"cloudBuildErrorAfter":1594252800000,"cloudBuildWarnAfter":1590019200000,"defaultNode10After":1594252800000,"minVersion":"3.0.5","node8DeploysDisabledAfter":1613390400000,"node8RuntimeDisabledAfter":1615809600000,"node8WarnAfter":1600128000000}
[info] 
=== Project Setup
[info] 
[info] First, let's associate this project directory with a Firebase project.
[info] You can create multiple project aliases by running firebase use --add, 
[info] but for now we'll just set up a default project.
[info] 
[debug] [2023-02-10T05:22:08.155Z] > refreshing access token with scopes: []
[debug] [2023-02-10T05:22:08.158Z] >>> [apiv2][query] POST https://www.googleapis.com/oauth2/v3/token [none]
[debug] [2023-02-10T05:22:08.158Z] >>> [apiv2][body] POST https://www.googleapis.com/oauth2/v3/token [omitted]
[debug] [2023-02-10T05:22:08.491Z] <<< [apiv2][status] POST https://www.googleapis.com/oauth2/v3/token 200
[debug] [2023-02-10T05:22:08.491Z] <<< [apiv2][body] POST https://www.googleapis.com/oauth2/v3/token [omitted]
[debug] [2023-02-10T05:22:08.563Z] >>> [apiv2][query] GET https://firebase.googleapis.com/v1beta1/projects pageSize=100
[debug] [2023-02-10T05:22:09.552Z] <<< [apiv2][status] GET https://firebase.googleapis.com/v1beta1/projects 200
[debug] [2023-02-10T05:22:09.553Z] <<< [apiv2][body] GET https://firebase.googleapis.com/v1beta1/projects [omitted]
[info] i  Using project chat-app-a8a08 (Chat-App) 
[info] 
=== Database Setup
[info] i  database: ensuring required API firebasedatabase.googleapis.com is enabled... 
[debug] [2023-02-10T05:22:13.837Z] >>> [apiv2][query] GET https://serviceusage.googleapis.com/v1/projects/chat-app-a8a08/services/firebasedatabase.googleapis.com [none]
[debug] [2023-02-10T05:22:13.838Z] >>> [apiv2][(partial)header] GET https://serviceusage.googleapis.com/v1/projects/chat-app-a8a08/services/firebasedatabase.googleapis.com x-goog-quota-user=projects/chat-app-a8a08
[debug] [2023-02-10T05:22:15.983Z] <<< [apiv2][status] GET https://serviceusage.googleapis.com/v1/projects/chat-app-a8a08/services/firebasedatabase.googleapis.com 200
[debug] [2023-02-10T05:22:15.983Z] <<< [apiv2][body] GET https://serviceusage.googleapis.com/v1/projects/chat-app-a8a08/services/firebasedatabase.googleapis.com [omitted]
[info] +  database: required API firebasedatabase.googleapis.com is enabled 
[info] 
[debug] [2023-02-10T05:22:15.987Z] >>> [apiv2][query] GET https://firebasedatabase.googleapis.com/v1beta/projects/chat-app-a8a08/locations/-/instances/chat-app-a8a08-default-rtdb [none]
[debug] [2023-02-10T05:22:16.987Z] <<< [apiv2][status] GET https://firebasedatabase.googleapis.com/v1beta/projects/chat-app-a8a08/locations/-/instances/chat-app-a8a08-default-rtdb 200
[debug] [2023-02-10T05:22:16.987Z] <<< [apiv2][body] GET https://firebasedatabase.googleapis.com/v1beta/projects/chat-app-a8a08/locations/-/instances/chat-app-a8a08-default-rtdb {"name":"projects/313290324259/locations/us-central1/instances/chat-app-a8a08-default-rtdb","project":"projects/313290324259","databaseUrl":"https://chat-app-a8a08-default-rtdb.firebaseio.com","type":"DEFAULT_DATABASE","state":"ACTIVE"}
[info] 
[info] Firebase Realtime Database Security Rules allow you to define how your data should be
[info] structured and when your data can be read from and written to.
[info] 
[debug] [2023-02-10T05:22:23.034Z] >>> [apiv2][query] GET https://chat-app-a8a08-default-rtdb.firebaseio.com/.settings/rules.json [none]
[debug] [2023-02-10T05:22:23.815Z] <<< [apiv2][status] GET https://chat-app-a8a08-default-rtdb.firebaseio.com/.settings/rules.json 200
[debug] [2023-02-10T05:22:23.815Z] <<< [apiv2][body] GET https://chat-app-a8a08-default-rtdb.firebaseio.com/.settings/rules.json [stream]
[info] +  Database Rules for chat-app-a8a08-default-rtdb have been written to database.rules.json. 
[info] Future modifications to database.rules.json will update Realtime Database Security Rules when you run
[info] firebase deploy.
[info] 
=== Hosting Setup
[info] 
[info] Your public directory is the folder (relative to your project directory) that
[info] will contain Hosting assets to be uploaded with firebase deploy. If you
[info] have a build process for your assets, use your build's output directory.
[info] 
[debug] [2023-02-10T05:23:27.176Z] >>> [apiv2][query] GET https://www.gstatic.com/firebasejs/releases.json [none]
[debug] [2023-02-10T05:23:27.378Z] <<< [apiv2][status] GET https://www.gstatic.com/firebasejs/releases.json 200
[debug] [2023-02-10T05:23:27.378Z] <<< [apiv2][body] GET https://www.gstatic.com/firebasejs/releases.json {"current":{"version":"9.17.1","browserURL":"https://www.gstatic.com/firebasejs/9.17.1/firebase.js","packageURL":"https://www.gstatic.com/firebasejs/9.17.1/firebase.tgz"},"live":{"version":"9.17","browserURL":"https://www.gstatic.com/firebasejs/live/9.17/firebase.js","packageURL":"https://www.gstatic.com/firebasejs/live/9.17/firebase.tgz"},"components":{"analytics":"https://www.gstatic.com/firebasejs/9.17.1/firebase-analytics.js","app":"https://www.gstatic.com/firebasejs/9.17.1/firebase-app.js","app-check":"https://www.gstatic.com/firebasejs/9.17.1/firebase-app-check.js","auth":"https://www.gstatic.com/firebasejs/9.17.1/firebase-auth.js","auth/cordova":"https://www.gstatic.com/firebasejs/9.17.1/firebase-auth/cordova.js","auth/react-native":"https://www.gstatic.com/firebasejs/9.17.1/firebase-auth/react-native.js","functions":"https://www.gstatic.com/firebasejs/9.17.1/firebase-functions.js","firestore":"https://www.gstatic.com/firebasejs/9.17.1/firebase-firestore.js","firestore/lite":"https://www.gstatic.com/firebasejs/9.17.1/firebase-firestore/lite.js","installations":"https://www.gstatic.com/firebasejs/9.17.1/firebase-installations.js","storage":"https://www.gstatic.com/firebasejs/9.17.1/firebase-storage.js","performance":"https://www.gstatic.com/firebasejs/9.17.1/firebase-performance.js","remote-config":"https://www.gstatic.com/firebasejs/9.17.1/firebase-remote-config.js","messaging":"https://www.gstatic.com/firebasejs/9.17.1/firebase-messaging.js","messaging/sw":"https://www.gstatic.com/firebasejs/9.17.1/firebase-messaging/sw.js","database":"https://www.gstatic.com/firebasejs/9.17.1/firebase-database.js","firestore.memory":"https://www.gstatic.com/firebasejs/9.17.1/firebase-firestore.memory.js"}}
[info] +  Wrote build/index.html 
[info] 
[info] i  Detected a .git folder at C:\Users\Computers\Desktop\projects\chat-app-react 
[info] i  Authorizing with GitHub to upload your service account to a GitHub repository's secrets store. 
[info] 
[info] Visit this URL on this device to log in:
[info] https://github.com/login/oauth/authorize?client_id=89cf50f02ac6aaed3484&state=600092300&redirect_uri=http%3A%2F%2Flocalhost%3A9005&scope=read%3Auser%20repo%20public_repo
[info] 
[info] Waiting for authentication...
[debug] [2023-02-10T05:23:44.911Z] >>> [apiv2][query] POST https://github.com/login/oauth/access_token [none]
[debug] [2023-02-10T05:23:44.911Z] >>> [apiv2][body] POST https://github.com/login/oauth/access_token [stream]
[debug] [2023-02-10T05:23:45.372Z] <<< [apiv2][status] POST https://github.com/login/oauth/access_token 200
[debug] [2023-02-10T05:23:45.373Z] <<< [apiv2][body] POST https://github.com/login/oauth/access_token {"access_token":"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","token_type":"bearer","scope":"read:user,repo"}
[debug] [2023-02-10T05:23:45.418Z] >>> [apiv2][query] GET https://api.github.com/user [none]
[debug] [2023-02-10T05:23:45.935Z] <<< [apiv2][status] GET https://api.github.com/user 200
[debug] [2023-02-10T05:23:45.935Z] <<< [apiv2][body] GET https://api.github.com/user {"login":"Akhilesh-Chandrakar","id":92369293,"node_id":"U_kgDOBYFxjQ","avatar_url":"https://avatars.githubusercontent.com/u/92369293?v=4","gravatar_id":"","url":"https://api.github.com/users/Akhilesh-Chandrakar","html_url":"https://github.com/Akhilesh-Chandrakar","followers_url":"https://api.github.com/users/Akhilesh-Chandrakar/followers","following_url":"https://api.github.com/users/Akhilesh-Chandrakar/following{/other_user}","gists_url":"https://api.github.com/users/Akhilesh-Chandrakar/gists{/gist_id}","starred_url":"https://api.github.com/users/Akhilesh-Chandrakar/starred{/owner}{/repo}","subscriptions_url":"https://api.github.com/users/Akhilesh-Chandrakar/subscriptions","organizations_url":"https://api.github.com/users/Akhilesh-Chandrakar/orgs","repos_url":"https://api.github.com/users/Akhilesh-Chandrakar/repos","events_url":"https://api.github.com/users/Akhilesh-Chandrakar/events{/privacy}","received_events_url":"https://api.github.com/users/Akhilesh-Chandrakar/received_events","type":"User","site_admin":false,"name":null,"company":null,"blog":"","location":null,"email":null,"hireable":null,"bio":null,"twitter_username":null,"public_repos":16,"public_gists":0,"followers":0,"following":0,"created_at":"2021-10-12T10:15:24Z","updated_at":"2023-02-06T12:26:11Z","private_gists":0,"total_private_repos":3,"owned_private_repos":3,"disk_usage":28473,"collaborators":0,"two_factor_authentication":false,"plan":{"name":"free","space":976562499,"collaborators":0,"private_repos":10000}}
[info] 
[info] +  Success! Logged into GitHub as Akhilesh-Chandrakar 
[info] 
[debug] [2023-02-10T05:26:18.928Z] >>> [apiv2][query] GET https://api.github.com/repos//actions/secrets/public-key type=owner
[debug] [2023-02-10T05:26:19.447Z] <<< [apiv2][status] GET https://api.github.com/repos//actions/secrets/public-key 404
[debug] [2023-02-10T05:26:19.448Z] <<< [apiv2][body] GET https://api.github.com/repos//actions/secrets/public-key {"message":"Not Found","documentation_url":"https://docs.github.com/rest"}
[debug] [2023-02-10T05:26:25.799Z] >>> [apiv2][query] GET https://api.github.com/repos//actions/secrets/public-key type=owner
[debug] [2023-02-10T05:26:26.177Z] <<< [apiv2][status] GET https://api.github.com/repos//actions/secrets/public-key 404
[debug] [2023-02-10T05:26:26.178Z] <<< [apiv2][body] GET https://api.github.com/repos//actions/secrets/public-key {"message":"Not Found","documentation_url":"https://docs.github.com/rest"}
[debug] [2023-02-10T05:26:29.375Z] >>> [apiv2][query] GET https://api.github.com/repos/y/actions/secrets/public-key type=owner
[debug] [2023-02-10T05:26:29.775Z] <<< [apiv2][status] GET https://api.github.com/repos/y/actions/secrets/public-key 404
[debug] [2023-02-10T05:26:29.776Z] <<< [apiv2][body] GET https://api.github.com/repos/y/actions/secrets/public-key {"message":"Not Found","documentation_url":"https://docs.github.com/rest"}
